2014-08-31 10:59:02.247 Carnegie[6642:70b] Multi-tasking -> Device: YES, App: YES
2014-08-31 10:59:02.263 Carnegie[6642:70b] Unlimited access to network resources
2014-08-31 10:59:02.265 Carnegie[6642:70b] 

Started backup to iCloud! Please be careful.
Your application might rejected by Apple if you store too much data.
For more information please read "iOS Data Storage Guidelines"
You could find it at the following address https://developer.apple.com/icloud/documentation/data-storage/ .

2014-08-31 10:59:02.420 Carnegie[6642:70b] [CDVTimer][file] 0.331998ms
2014-08-31 10:59:02.480 Carnegie[6642:70b] WARNING: The splashscreen image named Default-Portrait was not found
2014-08-31 10:59:02.480 Carnegie[6642:70b] [CDVTimer][splashscreen] 59.356987ms
2014-08-31 10:59:02.480 Carnegie[6642:70b] [CDVTimer][TotalPluginStartup] 60.274005ms
2014-08-31 10:59:02.485 Carnegie[6642:70b] WARNING: The splashscreen image named Default-Portrait was not found
2014-08-31 10:59:02.488 Carnegie[6642:70b] WARNING: The splashscreen image named Default-Portrait was not found
2014-08-31 10:59:02.489 Carnegie[6642:70b] WARNING: The splashscreen image named Default-Portrait was not found
2014-08-31 10:59:02.538 Carnegie[6642:70b] Resetting plugins due to page load.
2014-08-31 10:59:02.681 Carnegie[6642:70b] Finished load of: file:///Users/kirk/Library/Application%20Support/iPhone%20Simulator/7.1/Applications/868B6FEE-2CE8-485F-8EFF-D71327ECAA8B/Carnegie.app/www/index.html
2014-08-31 10:59:02.775 Carnegie[6642:2c07] File Transfer Finished with response code 200
2014-08-31 10:59:04.840 Carnegie[6642:2c07] File Transfer Finished with response code 200
2014-08-31 10:59:04.869 Carnegie[6642:1203] File Transfer Finished with response code 200
2014-08-31 10:59:04.901 Carnegie[6642:4613] File Transfer Finished with response code 200
2014-08-31 10:59:04.928 Carnegie[6642:1203] File Transfer Finished with response code 200
2014-08-31 10:59:04.956 Carnegie[6642:7a07] File Transfer Finished with response code 200
2014-08-31 10:59:04.979 Carnegie[6642:7a07] File Transfer Finished with response code 200
2014-08-31 10:59:05.007 Carnegie[6642:1203] File Transfer Finished with response code 200
2014-08-31 10:59:05.058 Carnegie[6642:7a07] File Transfer Finished with response code 200
2014-08-31 10:59:05.089 Carnegie[6642:4613] File Transfer Finished with response code 200
2014-08-31 10:59:05.115 Carnegie[6642:7a07] File Transfer Finished with response code 200
2014-08-31 10:59:05.144 Carnegie[6642:4613] File Transfer Finished with response code 200
2014-08-31 10:59:05.169 Carnegie[6642:1203] File Transfer Finished with response code 200
2014-08-31 10:59:05.207 Carnegie[6642:1203] File Transfer Finished with response code 200
2014-08-31 10:59:05.239 Carnegie[6642:7a07] File Transfer Finished with response code 200
2014-08-31 10:59:05.264 Carnegie[6642:1203] File Transfer Finished with response code 200
2014-08-31 10:59:05.294 Carnegie[6642:4613] File Transfer Finished with response code 200
2014-08-31 10:59:05.317 Carnegie[6642:7a07] File Transfer Finished with response code 200
2014-08-31 10:59:05.344 Carnegie[6642:4613] File Transfer Finished with response code 200
2014-08-31 10:59:05.368 Carnegie[6642:2c07] File Transfer Finished with response code 200
2014-08-31 10:59:05.391 Carnegie[6642:4613] File Transfer Finished with response code 200
2015-02-14 22:51:55.086 Carnegie[53739:70b] Multi-tasking -> Device: YES, App: YES
2015-02-14 22:51:55.097 Carnegie[53739:70b] Unlimited access to network resources
2015-02-14 22:51:55.102 Carnegie[53739:70b] 

Started backup to iCloud! Please be careful.
Your application might rejected by Apple if you store too much data.
For more information please read "iOS Data Storage Guidelines"
You could find it at the following address https://developer.apple.com/icloud/documentation/data-storage/ .

2015-02-14 22:51:55.236 Carnegie[53739:70b] [CDVTimer][file] 0.434995ms
2015-02-14 22:51:55.335 Carnegie[53739:70b] [CDVTimer][splashscreen] 98.874032ms
2015-02-14 22:51:55.336 Carnegie[53739:70b] [CDVTimer][TotalPluginStartup] 100.104034ms
2015-02-14 22:51:55.408 Carnegie[53739:70b] Resetting plugins due to page load.
2015-02-14 22:51:55.567 Carnegie[53739:70b] Finished load of: file:///Users/kirk/Library/Developer/CoreSimulator/Devices/B955791D-A32E-48C0-9A8C-4B2466575547/data/Applications/98DDF06C-9776-4BEE-A67B-0CC52817EA48/Carnegie.app/www/index.html
2015-02-14 22:51:55.696 Carnegie[53739:1203] File Transfer Finished with response code 200
2015-02-14 22:51:56.279 Carnegie[53739:420f] File Transfer Finished with response code 200
2015-02-14 22:51:56.430 Carnegie[53739:5b07] File Transfer Finished with response code 200
2015-02-14 22:51:56.558 Carnegie[53739:1203] File Transfer Finished with response code 200
2015-02-14 22:51:56.691 Carnegie[53739:420f] File Transfer Finished with response code 200
2015-02-14 22:51:56.896 Carnegie[53739:420f] File Transfer Finished with response code 200
2015-02-14 22:51:57.076 Carnegie[53739:420f] File Transfer Finished with response code 200
2015-02-14 22:51:57.243 Carnegie[53739:5b07] File Transfer Finished with response code 200
2015-02-14 22:51:57.393 Carnegie[53739:2d07] File Transfer Finished with response code 200
2015-02-14 22:51:57.494 Carnegie[53739:2d07] File Transfer Finished with response code 200
2015-02-14 22:51:57.631 Carnegie[53739:2d07] File Transfer Finished with response code 200
2015-02-14 22:51:57.763 Carnegie[53739:2d07] File Transfer Finished with response code 200
2015-02-14 22:51:57.853 Carnegie[53739:2d07] File Transfer Finished with response code 200
2015-02-14 22:51:58.008 Carnegie[53739:1203] File Transfer Finished with response code 200
2015-02-14 22:52:02.968 Carnegie[53739:70b] CDVPlugin class CDVInAppBrowser (pluginName: InAppBrowser) does not exist.
2015-02-14 22:52:02.968 Carnegie[53739:70b] ERROR: Plugin 'InAppBrowser' not found, or is not a CDVPlugin. Check your plugin mapping in config.xml.
2015-02-14 22:52:02.968 Carnegie[53739:70b] -[CDVCommandQueue executePending] [Line 158] FAILED pluginJSON = [
  "InAppBrowser645132607",
  "InAppBrowser",
  "open",
  [
    "http:\/\/carnegieendowment.org\/sada\/",
    "_blank",
    "location=no,toolbar=yes,enableViewportScale=yes"
  ]
]
2015-02-14 22:52:04.911 Carnegie[53739:70b] CDVPlugin class CDVInAppBrowser (pluginName: InAppBrowser) does not exist.
2015-02-14 22:52:04.911 Carnegie[53739:70b] ERROR: Plugin 'InAppBrowser' not found, or is not a CDVPlugin. Check your plugin mapping in config.xml.
2015-02-14 22:52:04.911 Carnegie[53739:70b] -[CDVCommandQueue executePending] [Line 158] FAILED pluginJSON = [
  "InAppBrowser645132608",
  "InAppBrowser",
  "open",
  [
    "http:\/\/carnegieendowment.org\/sada\/",
    "_blank",
    "location=no,toolbar=yes,enableViewportScale=yes"
  ]
]
